TN:
SF:src\components\dashboard\StatCard.tsx
FN:19,StatCard
FNF:1
FNH:1
FNDA:188,StatCard
DA:26,188
LF:1
LH:1
BRF:0
BRH:0
end_of_record
TN:
SF:src\components\dashboard\StatsGrid.tsx
FN:5,StatsGrid
FN:41,(anonymous_1)
FNF:2
FNH:2
FNDA:2,StatsGrid
FNDA:8,(anonymous_1)
DA:6,2
DA:8,2
DA:39,2
DA:42,8
LF:4
LH:4
BRF:0
BRH:0
end_of_record
TN:
SF:src\components\dashboard\WelcomePanel.tsx
FN:12,WelcomePanel
FNF:1
FNH:1
FNDA:2,WelcomePanel
DA:13,2
LF:1
LH:1
BRF:0
BRH:0
end_of_record
TN:
SF:src\components\kanban\KanbanBoard.tsx
FN:19,KanbanBoard
FN:45,(anonymous_1)
FNF:2
FNH:2
FNDA:5,KanbanBoard
FNDA:15,(anonymous_1)
DA:33,5
DA:35,5
DA:46,15
LF:3
LH:3
BRDA:50,0,0,15
BRDA:50,0,1,15
BRDA:59,1,0,0
BRDA:59,1,1,5
BRF:4
BRH:3
end_of_record
TN:
SF:src\components\kanban\KanbanCard.tsx
FN:42,KanbanCardContent
FN:99,(anonymous_1)
FN:100,(anonymous_2)
FN:114,(anonymous_3)
FN:115,(anonymous_4)
FN:166,KanbanCard
FN:186,setNodeRef
FNF:7
FNH:7
FNDA:26,KanbanCardContent
FNDA:1,(anonymous_1)
FNDA:1,(anonymous_2)
FNDA:1,(anonymous_3)
FNDA:1,(anonymous_4)
FNDA:26,KanbanCard
FNDA:52,setNodeRef
DA:23,4
DA:29,4
DA:48,26
DA:49,26
DA:51,26
DA:99,1
DA:101,1
DA:102,1
DA:114,1
DA:116,1
DA:117,1
DA:174,26
DA:180,26
DA:187,52
DA:188,52
DA:191,26
DA:193,26
DA:194,0
DA:204,26
DA:208,26
LF:20
LH:19
BRDA:44,0,0,26
BRDA:56,1,0,26
BRDA:56,1,1,26
BRDA:57,2,0,26
BRDA:57,2,1,0
BRDA:58,3,0,26
BRDA:58,3,1,26
BRDA:84,4,0,26
BRDA:84,4,1,26
BRDA:92,5,0,26
BRDA:92,5,1,26
BRDA:94,6,0,26
BRDA:94,6,1,10
BRDA:109,7,0,26
BRDA:109,7,1,10
BRDA:147,8,0,26
BRDA:147,8,1,7
BRDA:168,9,0,26
BRDA:169,10,0,26
BRDA:191,11,0,26
BRDA:191,11,1,26
BRDA:193,12,0,0
BRDA:193,12,1,26
BRDA:204,13,0,0
BRDA:204,13,1,26
BRDA:212,14,0,26
BRDA:212,14,1,0
BRF:27
BRH:23
end_of_record
TN:
SF:src\components\kanban\KanbanColumn.tsx
FN:16,KanbanColumn
FN:57,(anonymous_1)
FNF:2
FNH:2
FNDA:18,KanbanColumn
FNDA:23,(anonymous_1)
DA:23,18
DA:28,18
DA:58,23
LF:3
LH:3
BRDA:34,0,0,18
BRDA:34,0,1,0
BRDA:44,1,0,18
BRDA:44,1,1,0
BRDA:47,2,0,1
BRDA:47,2,1,17
BRF:6
BRH:4
end_of_record
TN:
SF:src\components\kanban\KanbanHeader.tsx
FN:9,KanbanHeader
FNF:1
FNH:1
FNDA:18,KanbanHeader
DA:10,18
LF:1
LH:1
BRF:0
BRH:0
end_of_record
TN:
SF:src\components\kanban\ViewSwitcher.tsx
FN:12,ViewSwitcher
FN:23,(anonymous_1)
FN:37,(anonymous_2)
FNF:3
FNH:2
FNDA:39,ViewSwitcher
FNDA:0,(anonymous_1)
FNDA:4,(anonymous_2)
DA:13,39
DA:23,0
DA:37,4
LF:3
LH:2
BRDA:21,0,0,35
BRDA:21,0,1,4
BRDA:26,1,0,39
BRDA:26,1,1,35
BRDA:35,2,0,4
BRDA:35,2,1,35
BRDA:40,3,0,39
BRDA:40,3,1,4
BRF:8
BRH:8
end_of_record
TN:
SF:src\components\layout\AppLayout.tsx
FN:10,AppLayout
FNF:1
FNH:0
FNDA:0,AppLayout
DA:11,0
LF:1
LH:0
BRF:0
BRH:0
end_of_record
TN:
SF:src\components\layout\Logo.tsx
FN:9,Logo
FNF:1
FNH:1
FNDA:2,Logo
DA:10,2
LF:1
LH:1
BRDA:9,0,0,2
BRDA:15,1,0,2
BRDA:15,1,1,2
BRF:3
BRH:3
end_of_record
TN:
SF:src\components\layout\MobileSidebar.tsx
FN:12,MobileSidebar
FN:31,MobileMenuButton
FN:40,(anonymous_2)
FNF:3
FNH:1
FNDA:0,MobileSidebar
FNDA:2,MobileMenuButton
FNDA:0,(anonymous_2)
DA:13,0
DA:15,0
DA:17,0
DA:32,2
DA:34,2
DA:36,0
DA:40,0
LF:7
LH:2
BRDA:15,0,0,0
BRDA:15,0,1,0
BRDA:34,1,0,2
BRDA:34,1,1,0
BRF:4
BRH:1
end_of_record
TN:
SF:src\components\layout\PageContainer.tsx
FN:10,PageContainer
FNF:1
FNH:1
FNDA:38,PageContainer
DA:16,38
LF:1
LH:1
BRDA:17,0,0,38
BRDA:17,0,1,38
BRDA:17,0,2,0
BRDA:20,1,0,0
BRDA:20,1,1,0
BRDA:23,2,0,0
BRDA:23,2,1,0
BRF:7
BRH:2
end_of_record
TN:
SF:src\components\layout\SearchInput.tsx
FN:4,SearchInput
FNF:1
FNH:1
FNDA:2,SearchInput
DA:5,2
LF:1
LH:1
BRF:0
BRH:0
end_of_record
TN:
SF:src\components\layout\Sidebar.tsx
FN:10,SidebarContent
FN:38,(anonymous_1)
FN:65,Sidebar
FNF:3
FNH:1
FNDA:2,SidebarContent
FNDA:0,(anonymous_1)
FNDA:0,Sidebar
DA:11,2
DA:13,2
DA:38,0
DA:66,0
DA:68,0
DA:70,0
LF:6
LH:2
BRDA:18,0,0,0
BRDA:18,0,1,2
BRDA:22,1,0,2
BRDA:22,1,1,2
BRDA:22,1,2,2
BRDA:38,2,0,0
BRDA:38,2,1,0
BRDA:44,3,0,2
BRDA:44,3,1,0
BRDA:45,4,0,0
BRDA:45,4,1,2
BRDA:45,5,0,2
BRDA:45,5,1,2
BRDA:68,6,0,0
BRDA:68,6,1,0
BRDA:74,7,0,0
BRDA:74,7,1,0
BRF:17
BRH:8
end_of_record
TN:
SF:src\components\layout\SidebarNav.tsx
FN:15,SidebarNav
FN:18,(anonymous_1)
FN:24,(anonymous_2)
FN:34,(anonymous_3)
FNF:4
FNH:4
FNDA:2,SidebarNav
FNDA:6,(anonymous_1)
FNDA:6,(anonymous_2)
FNDA:6,(anonymous_3)
DA:16,2
DA:20,6
DA:25,6
DA:35,6
DA:51,6
DA:52,0
DA:60,6
LF:7
LH:6
BRDA:15,0,0,2
BRDA:27,1,0,6
BRDA:27,1,1,0
BRDA:28,2,0,2
BRDA:28,2,1,4
BRDA:36,3,0,6
BRDA:36,3,1,2
BRDA:40,4,0,2
BRDA:40,4,1,0
BRDA:45,5,0,6
BRDA:45,5,1,6
BRDA:51,6,0,0
BRDA:51,6,1,6
BRF:13
BRH:10
end_of_record
TN:
SF:src\components\layout\ThemeToggle.tsx
FN:10,ThemeToggle
FNF:1
FNH:1
FNDA:2,ThemeToggle
DA:11,2
DA:13,2
LF:2
LH:2
BRDA:21,0,0,2
BRDA:21,0,1,0
BRDA:24,1,0,2
BRDA:24,1,1,0
BRDA:32,2,0,2
BRDA:32,2,1,0
BRF:6
BRH:3
end_of_record
TN:
SF:src\components\layout\Topbar.tsx
FN:9,Topbar
FNF:1
FNH:1
FNDA:2,Topbar
DA:10,2
DA:11,2
DA:13,2
LF:3
LH:3
BRDA:11,0,0,2
BRDA:11,0,1,0
BRF:2
BRH:1
end_of_record
TN:
SF:src\components\layout\UserMenu.tsx
FN:20,UserMenu
FNF:1
FNH:1
FNDA:2,UserMenu
DA:14,1
DA:21,2
LF:2
LH:2
BRF:0
BRH:0
end_of_record
TN:
SF:src\components\settings\SettingRow.tsx
FN:11,SettingRow
FNF:1
FNH:0
FNDA:0,SettingRow
DA:17,0
LF:1
LH:0
BRDA:26,0,0,0
BRDA:26,0,1,0
BRF:2
BRH:0
end_of_record
TN:
SF:src\components\settings\SettingsSection.tsx
FN:17,SettingsSection
FNF:1
FNH:0
FNDA:0,SettingsSection
DA:22,0
LF:1
LH:0
BRDA:26,0,0,0
BRDA:26,0,1,0
BRF:2
BRH:0
end_of_record
TN:
SF:src\components\tasks\DeleteDialog.tsx
FN:20,DeleteDialog
FN:40,(anonymous_1)
FNF:2
FNH:2
FNDA:39,DeleteDialog
FNDA:2,(anonymous_1)
DA:26,39
DA:40,2
LF:2
LH:2
BRDA:37,0,0,39
BRDA:37,0,1,8
BRF:2
BRH:2
end_of_record
TN:
SF:src\components\tasks\EmptyState.tsx
FN:15,EmptyState
FNF:1
FNH:0
FNDA:0,EmptyState
DA:16,0
LF:1
LH:0
BRF:0
BRH:0
end_of_record
TN:
SF:src\components\tasks\NoResultsState.tsx
FN:15,NoResultsState
FNF:1
FNH:0
FNDA:0,NoResultsState
DA:16,0
LF:1
LH:0
BRF:0
BRH:0
end_of_record
TN:
SF:src\components\tasks\RequiredLabel.tsx
FN:10,RequiredLabel
FNF:1
FNH:1
FNDA:204,RequiredLabel
DA:11,204
LF:1
LH:1
BRF:0
BRH:0
end_of_record
TN:
SF:src\components\tasks\TaskCard.tsx
FN:18,TaskCard
FNF:1
FNH:1
FNDA:8,TaskCard
DA:19,8
LF:1
LH:1
BRDA:27,0,0,8
BRDA:27,0,1,8
BRF:2
BRH:2
end_of_record
TN:
SF:src\components\tasks\TaskFiltersBar.tsx
FN:27,TaskFiltersBar
FN:48,(anonymous_1)
FN:57,(anonymous_2)
FN:70,(anonymous_3)
FN:79,(anonymous_4)
FN:92,(anonymous_5)
FN:101,(anonymous_6)
FNF:7
FNH:7
FNDA:36,TaskFiltersBar
FNDA:1,(anonymous_1)
FNDA:108,(anonymous_2)
FNDA:1,(anonymous_3)
FNDA:108,(anonymous_4)
FNDA:1,(anonymous_5)
FNDA:108,(anonymous_6)
DA:34,36
DA:49,1
DA:58,108
DA:71,1
DA:80,108
DA:93,1
DA:102,108
LF:7
LH:7
BRDA:93,0,0,1
BRDA:93,0,1,0
BRF:2
BRH:1
end_of_record
TN:
SF:src\components\tasks\TaskForm.tsx
FN:40,TaskForm
FN:45,(anonymous_1)
FN:52,updateField
FN:56,(anonymous_3)
FN:57,(anonymous_4)
FN:60,handleSubmit
FN:97,(anonymous_6)
FN:112,(anonymous_7)
FN:144,(anonymous_8)
FN:161,(anonymous_9)
FN:169,(anonymous_10)
FN:182,(anonymous_11)
FN:190,(anonymous_12)
FN:207,(anonymous_13)
FN:218,(anonymous_14)
FNF:15
FNH:13
FNDA:109,TaskForm
FNDA:28,(anonymous_1)
FNDA:51,updateField
FNDA:51,(anonymous_3)
FNDA:51,(anonymous_4)
FNDA:7,handleSubmit
FNDA:24,(anonymous_6)
FNDA:1,(anonymous_7)
FNDA:21,(anonymous_8)
FNDA:0,(anonymous_9)
FNDA:327,(anonymous_10)
FNDA:0,(anonymous_11)
FNDA:327,(anonymous_12)
FNDA:5,(anonymous_13)
FNDA:1,(anonymous_14)
DA:41,109
DA:42,109
DA:43,109
DA:45,109
DA:46,28
DA:47,10
DA:48,10
DA:56,51
DA:57,51
DA:61,7
DA:63,7
DA:66,7
DA:68,7
DA:70,3
DA:71,3
DA:74,109
DA:75,109
DA:77,109
DA:97,24
DA:113,1
DA:145,21
DA:162,0
DA:170,327
DA:183,0
DA:191,327
DA:207,5
DA:218,1
LF:27
LH:25
BRDA:46,0,0,10
BRDA:46,0,1,18
BRDA:47,1,0,2
BRDA:47,1,1,8
BRDA:68,2,0,4
BRDA:68,2,1,3
BRDA:82,3,0,11
BRDA:82,3,1,98
BRDA:85,4,0,11
BRDA:85,4,1,98
BRDA:102,5,0,109
BRDA:102,5,1,3
BRDA:121,6,0,1
BRDA:121,6,1,108
BRDA:129,7,0,109
BRDA:129,7,1,2
BRDA:130,8,0,109
BRDA:130,8,1,2
BRDA:151,9,0,109
BRDA:151,9,1,2
BRDA:211,10,0,109
BRDA:211,10,1,2
BRF:22
BRH:22
end_of_record
TN:
SF:src\components\tasks\TaskPagination.tsx
FN:24,getVisiblePages
FN:26,(anonymous_1)
FN:34,(anonymous_2)
FN:37,TaskPagination
FN:80,(anonymous_4)
FN:94,(anonymous_5)
FNF:6
FNH:5
FNDA:40,getVisiblePages
FNDA:46,(anonymous_1)
FNDA:0,(anonymous_2)
FNDA:40,TaskPagination
FNDA:9,(anonymous_4)
FNDA:1,(anonymous_5)
DA:25,40
DA:26,46
DA:29,0
DA:31,0
DA:32,0
DA:34,0
DA:48,40
DA:49,40
DA:50,40
DA:52,40
DA:54,39
DA:81,9
DA:82,9
DA:84,9
DA:94,1
LF:15
LH:11
BRDA:25,0,0,40
BRDA:25,0,1,0
BRDA:31,1,0,0
BRDA:31,1,1,0
BRDA:32,2,0,0
BRDA:32,2,1,0
BRDA:48,3,0,1
BRDA:48,3,1,39
BRDA:52,4,0,1
BRDA:52,4,1,39
BRDA:58,5,0,9
BRDA:58,5,1,30
BRDA:59,6,0,40
BRDA:59,6,1,3
BRDA:70,7,0,40
BRDA:70,7,1,3
BRDA:82,8,0,9
BRDA:82,8,1,6
BRDA:86,9,0,9
BRDA:86,9,1,0
BRF:20
BRH:14
end_of_record
TN:
SF:src\components\tasks\TaskPriorityBadge.tsx
FN:34,TaskPriorityBadge
FNF:1
FNH:1
FNDA:123,TaskPriorityBadge
DA:9,7
DA:35,123
DA:36,123
DA:38,123
LF:4
LH:4
BRF:0
BRH:0
end_of_record
TN:
SF:src\components\tasks\TaskSearchBar.tsx
FN:16,TaskSearchBar
FN:22,(anonymous_1)
FNF:2
FNH:2
FNDA:36,TaskSearchBar
FNDA:7,(anonymous_1)
DA:17,36
DA:22,7
LF:2
LH:2
BRDA:27,0,0,36
BRDA:27,0,1,7
BRF:2
BRH:2
end_of_record
TN:
SF:src\components\tasks\TaskSortControls.tsx
FN:25,TaskSortControls
FN:37,(anonymous_1)
FN:43,(anonymous_2)
FN:56,(anonymous_3)
FNF:4
FNH:3
FNDA:33,TaskSortControls
FNDA:1,(anonymous_1)
FNDA:132,(anonymous_2)
FNDA:0,(anonymous_3)
DA:18,1
DA:31,33
DA:37,1
DA:44,132
DA:57,0
LF:5
LH:4
BRF:0
BRH:0
end_of_record
TN:
SF:src\components\tasks\TaskStats.tsx
FN:53,TaskStats
FN:56,(anonymous_1)
FNF:2
FNH:2
FNDA:36,TaskStats
FNDA:180,(anonymous_1)
DA:15,1
DA:54,36
DA:57,180
LF:3
LH:3
BRF:0
BRH:0
end_of_record
TN:
SF:src\components\tasks\TaskStatusBadge.tsx
FN:34,TaskStatusBadge
FNF:1
FNH:1
FNDA:123,TaskStatusBadge
DA:9,7
DA:35,123
DA:36,123
DA:38,123
LF:4
LH:4
BRDA:44,0,0,123
BRDA:44,0,1,43
BRF:2
BRH:2
end_of_record
TN:
SF:src\components\tasks\TaskTable.tsx
FN:49,TaskTable
FN:78,(anonymous_1)
FN:117,(anonymous_2)
FN:131,(anonymous_3)
FNF:4
FNH:4
FNDA:36,TaskTable
FNDA:89,(anonymous_1)
FNDA:2,(anonymous_2)
FNDA:3,(anonymous_3)
DA:56,36
DA:79,89
DA:117,2
DA:131,3
LF:4
LH:4
BRDA:62,0,0,9
BRDA:62,0,1,27
BRDA:90,1,0,89
BRDA:90,1,1,88
BRF:4
BRH:4
end_of_record
TN:
SF:src\components\tasks\TasksHeader.tsx
FN:8,TasksHeader
FNF:1
FNH:1
FNDA:36,TasksHeader
DA:9,36
LF:1
LH:1
BRF:0
BRH:0
end_of_record
TN:
SF:src\constants\navigation.ts
FNF:0
FNH:0
DA:9,2
DA:27,2
LF:2
LH:2
BRF:0
BRH:0
end_of_record
TN:
SF:src\contexts\SidebarContext.tsx
FN:23,useIsMobile
FN:24,(anonymous_1)
FN:28,(anonymous_2)
FN:31,(anonymous_3)
FN:37,(anonymous_4)
FN:47,SidebarProvider
FN:52,(anonymous_6)
FN:56,(anonymous_7)
FN:57,(anonymous_8)
FN:60,(anonymous_9)
FN:76,useSidebar
FNF:11
FNH:8
FNDA:4,useIsMobile
FNDA:4,(anonymous_1)
FNDA:4,(anonymous_2)
FNDA:0,(anonymous_3)
FNDA:4,(anonymous_4)
FNDA:4,SidebarProvider
FNDA:4,(anonymous_6)
FNDA:0,(anonymous_7)
FNDA:0,(anonymous_8)
FNDA:4,(anonymous_9)
FNDA:4,useSidebar
DA:19,13
DA:21,13
DA:24,4
DA:25,4
DA:28,4
DA:29,4
DA:31,4
DA:32,0
DA:35,4
DA:36,4
DA:37,4
DA:40,4
DA:48,4
DA:49,4
DA:50,4
DA:52,4
DA:53,4
DA:56,4
DA:57,0
DA:60,4
DA:61,4
DA:71,4
DA:77,4
DA:78,4
DA:79,0
DA:81,4
LF:26
LH:23
BRDA:53,0,0,4
BRDA:53,0,1,0
BRDA:78,1,0,0
BRDA:78,1,1,4
BRF:4
BRH:2
end_of_record
TN:
SF:src\contexts\ThemeContext.tsx
FN:23,getInitialTheme
FN:32,applyTheme
FN:40,ThemeProvider
FN:43,(anonymous_3)
FN:48,(anonymous_4)
FN:52,(anonymous_5)
FN:53,(anonymous_6)
FN:56,(anonymous_7)
FN:66,useTheme
FNF:9
FNH:6
FNDA:2,getInitialTheme
FNDA:2,applyTheme
FNDA:2,ThemeProvider
FNDA:2,(anonymous_3)
FNDA:0,(anonymous_4)
FNDA:0,(anonymous_5)
FNDA:0,(anonymous_6)
FNDA:2,(anonymous_7)
FNDA:2,useTheme
DA:19,13
DA:21,13
DA:24,2
DA:25,2
DA:27,2
DA:33,2
DA:41,2
DA:43,2
DA:44,2
DA:45,2
DA:48,2
DA:49,0
DA:52,2
DA:53,0
DA:56,2
DA:57,2
DA:61,2
DA:67,2
DA:68,2
DA:69,0
DA:71,2
LF:21
LH:18
BRDA:25,0,0,0
BRDA:25,0,1,2
BRDA:25,1,0,2
BRDA:25,1,1,2
BRDA:27,2,0,0
BRDA:27,2,1,2
BRDA:53,3,0,0
BRDA:53,3,1,0
BRDA:68,4,0,0
BRDA:68,4,1,2
BRF:10
BRH:5
end_of_record
TN:
SF:src\data\initial-tasks.ts
FNF:0
FNH:0
DA:3,14
LF:1
LH:1
BRF:0
BRH:0
end_of_record
TN:
SF:src\hooks\index.ts
FNF:0
FNH:0
LF:0
LH:0
BRF:0
BRH:0
end_of_record
TN:
SF:src\hooks\useKanban.ts
FN:54,groupTasksByStatus
FN:55,(anonymous_1)
FN:56,(anonymous_2)
FN:61,resolveTargetStatus
FN:69,(anonymous_4)
FN:73,useKanban
FN:76,(anonymous_6)
FN:78,(anonymous_7)
FN:79,(anonymous_8)
FN:92,(anonymous_9)
FN:96,(anonymous_10)
FN:104,(anonymous_11)
FN:115,(anonymous_12)
FNF:13
FNH:13
FNDA:13,groupTasksByStatus
FNDA:39,(anonymous_1)
FNDA:177,(anonymous_2)
FNDA:3,resolveTargetStatus
FNDA:2,(anonymous_4)
FNDA:15,useKanban
FNDA:13,(anonymous_6)
FNDA:14,(anonymous_7)
FNDA:60,(anonymous_8)
FNDA:2,(anonymous_9)
FNDA:4,(anonymous_10)
FNDA:3,(anonymous_11)
FNDA:1,(anonymous_12)
DA:23,4
DA:55,13
DA:56,177
DA:57,39
DA:65,3
DA:66,2
DA:69,2
DA:70,1
DA:74,15
DA:76,15
DA:78,15
DA:79,60
DA:83,15
DA:92,15
DA:93,2
DA:96,15
DA:98,4
DA:99,4
DA:101,4
DA:103,3
DA:104,3
DA:105,3
DA:107,3
DA:108,3
DA:110,2
DA:115,15
DA:116,1
DA:119,15
LF:28
LH:28
BRDA:65,0,0,2
BRDA:65,0,1,1
BRDA:70,1,0,1
BRDA:70,1,1,0
BRDA:79,2,0,14
BRDA:79,2,1,13
BRDA:101,3,0,1
BRDA:101,3,1,3
BRDA:105,4,0,0
BRDA:105,4,1,3
BRDA:108,5,0,1
BRDA:108,5,1,2
BRDA:108,6,0,3
BRDA:108,6,1,3
BRF:14
BRH:12
end_of_record
TN:
SF:src\hooks\usePagination.ts
FN:5,usePagination
FN:11,(anonymous_1)
FN:16,(anonymous_2)
FN:22,(anonymous_3)
FN:29,(anonymous_4)
FN:30,(anonymous_5)
FN:33,(anonymous_6)
FN:34,(anonymous_7)
FN:37,(anonymous_8)
FNF:9
FNH:9
FNDA:88,usePagination
FNDA:86,(anonymous_1)
FNDA:37,(anonymous_2)
FNDA:7,(anonymous_3)
FNDA:1,(anonymous_4)
FNDA:1,(anonymous_5)
FNDA:1,(anonymous_6)
FNDA:1,(anonymous_7)
FNDA:38,(anonymous_8)
DA:3,3
DA:6,88
DA:8,88
DA:9,88
DA:11,88
DA:12,86
DA:13,86
DA:16,88
DA:17,37
DA:18,2
DA:22,88
DA:24,7
DA:29,88
DA:30,1
DA:33,88
DA:34,1
DA:37,88
DA:38,38
DA:41,88
LF:19
LH:19
BRDA:5,0,0,88
BRDA:17,1,0,2
BRDA:17,1,1,35
BRF:3
BRH:3
end_of_record
TN:
SF:src\hooks\useTaskFilters.ts
FN:10,useTaskFilters
FN:13,(anonymous_1)
FN:18,(anonymous_2)
FN:23,(anonymous_3)
FN:25,(anonymous_4)
FN:30,(anonymous_5)
FN:34,(anonymous_6)
FNF:7
FNH:7
FNDA:82,useTaskFilters
FNDA:30,(anonymous_1)
FNDA:73,(anonymous_2)
FNDA:8,(anonymous_3)
FNDA:8,(anonymous_4)
FNDA:2,(anonymous_5)
FNDA:34,(anonymous_6)
DA:11,82
DA:13,82
DA:14,30
DA:18,82
DA:19,73
DA:23,82
DA:25,8
DA:30,82
DA:31,2
DA:34,82
DA:36,82
LF:11
LH:11
BRF:0
BRH:0
end_of_record
TN:
SF:src\hooks\useTaskList.ts
FN:9,useTaskList
FN:14,(anonymous_1)
FN:25,(anonymous_2)
FN:27,(anonymous_3)
FN:34,clearAllFilters
FNF:5
FNH:5
FNDA:72,useTaskList
FNDA:72,(anonymous_1)
FNDA:24,(anonymous_2)
FNDA:36,(anonymous_3)
FNDA:1,clearAllFilters
DA:10,72
DA:11,72
DA:12,72
DA:14,72
DA:15,72
DA:16,72
DA:17,72
DA:18,72
DA:19,72
DA:22,72
DA:23,72
DA:25,72
DA:27,72
DA:28,36
DA:32,72
DA:35,1
DA:36,1
DA:37,1
DA:38,1
DA:41,72
LF:20
LH:20
BRDA:32,0,0,72
BRDA:32,0,1,72
BRF:2
BRH:2
end_of_record
TN:
SF:src\hooks\useTaskSearch.ts
FN:5,useTaskSearch
FN:8,(anonymous_1)
FN:13,(anonymous_2)
FNF:3
FNH:3
FNDA:79,useTaskSearch
FNDA:73,(anonymous_1)
FNDA:2,(anonymous_2)
DA:6,79
DA:8,79
DA:9,73
DA:13,79
DA:14,2
DA:17,79
LF:6
LH:6
BRF:0
BRH:0
end_of_record
TN:
SF:src\hooks\useTaskSort.ts
FN:6,useTaskSort
FN:9,(anonymous_1)
FN:14,(anonymous_2)
FN:15,(anonymous_3)
FN:18,(anonymous_4)
FN:19,(anonymous_5)
FN:22,(anonymous_6)
FNF:7
FNH:7
FNDA:83,useTaskSort
FNDA:73,(anonymous_1)
FNDA:4,(anonymous_2)
FNDA:4,(anonymous_3)
FNDA:2,(anonymous_4)
FNDA:2,(anonymous_5)
FNDA:2,(anonymous_6)
DA:7,83
DA:9,83
DA:10,73
DA:14,83
DA:15,4
DA:18,83
DA:19,2
DA:22,83
DA:23,2
DA:26,83
LF:10
LH:10
BRF:0
BRH:0
end_of_record
TN:
SF:src\hooks\useTasks.tsx
FN:37,computeStats
FN:40,(anonymous_1)
FN:41,(anonymous_2)
FN:42,(anonymous_3)
FN:43,(anonymous_4)
FN:51,TasksProvider
FN:54,(anonymous_6)
FN:56,(anonymous_7)
FN:57,(anonymous_8)
FN:60,(anonymous_9)
FN:61,(anonymous_10)
FN:62,(anonymous_11)
FN:68,(anonymous_12)
FN:69,(anonymous_13)
FN:70,(anonymous_14)
FN:76,(anonymous_15)
FN:77,(anonymous_16)
FN:77,(anonymous_17)
FN:80,(anonymous_18)
FN:81,(anonymous_19)
FN:85,(anonymous_20)
FN:103,useTasks
FNF:22
FNH:22
FNDA:32,computeStats
FNDA:97,(anonymous_1)
FNDA:97,(anonymous_2)
FNDA:97,(anonymous_3)
FNDA:97,(anonymous_4)
FNDA:32,TasksProvider
FNDA:32,(anonymous_6)
FNDA:3,(anonymous_7)
FNDA:3,(anonymous_8)
FNDA:2,(anonymous_9)
FNDA:2,(anonymous_10)
FNDA:6,(anonymous_11)
FNDA:1,(anonymous_12)
FNDA:1,(anonymous_13)
FNDA:3,(anonymous_14)
FNDA:2,(anonymous_15)
FNDA:2,(anonymous_16)
FNDA:6,(anonymous_17)
FNDA:4,(anonymous_18)
FNDA:5,(anonymous_19)
FNDA:32,(anonymous_20)
FNDA:71,useTasks
DA:35,14
DA:38,32
DA:40,97
DA:41,97
DA:42,97
DA:43,97
DA:52,32
DA:54,32
DA:56,32
DA:57,3
DA:60,32
DA:61,2
DA:62,2
DA:63,6
DA:68,32
DA:69,1
DA:70,1
DA:71,3
DA:76,32
DA:77,6
DA:80,32
DA:81,5
DA:85,32
DA:86,32
DA:98,32
DA:104,71
DA:106,71
DA:107,2
DA:110,69
LF:29
LH:29
BRDA:63,0,0,2
BRDA:63,0,1,4
BRDA:71,1,0,1
BRDA:71,1,1,2
BRDA:106,2,0,2
BRDA:106,2,1,69
BRF:6
BRH:6
end_of_record
TN:
SF:src\lib\utils.ts
FN:4,cn
FNF:1
FNH:1
FNDA:7132,cn
DA:5,7132
LF:1
LH:1
BRF:0
BRH:0
end_of_record
TN:
SF:src\pages\Dashboard.tsx
FN:5,Dashboard
FNF:1
FNH:1
FNDA:2,Dashboard
DA:6,2
LF:1
LH:1
BRF:0
BRH:0
end_of_record
TN:
SF:src\pages\NotFound.tsx
FN:4,NotFound
FNF:1
FNH:0
FNDA:0,NotFound
DA:5,0
LF:1
LH:0
BRF:0
BRH:0
end_of_record
TN:
SF:src\pages\Settings.tsx
FN:17,Settings
FN:35,(anonymous_1)
FN:43,(anonymous_2)
FNF:3
FNH:0
FNDA:0,Settings
FNDA:0,(anonymous_1)
FNDA:0,(anonymous_2)
DA:18,0
DA:20,0
DA:35,0
DA:43,0
LF:4
LH:0
BRDA:33,0,0,0
BRDA:33,0,1,0
BRDA:41,1,0,0
BRDA:41,1,1,0
BRF:4
BRH:0
end_of_record
TN:
SF:src\pages\Tasks.tsx
FN:27,Tasks
FN:35,handleCreateTask
FN:40,handleEditTask
FN:45,handleDeleteTask
FN:50,handleFormSubmit
FN:59,handleConfirmDelete
FN:93,(anonymous_6)
FN:96,(anonymous_7)
FN:99,(anonymous_8)
FNF:9
FNH:9
FNDA:55,Tasks
FNDA:2,handleCreateTask
FNDA:1,handleEditTask
FNDA:2,handleDeleteTask
FNDA:2,handleFormSubmit
FNDA:1,handleConfirmDelete
FNDA:1,(anonymous_6)
FNDA:1,(anonymous_7)
FNDA:1,(anonymous_8)
DA:28,55
DA:29,55
DA:30,55
DA:31,55
DA:32,55
DA:33,55
DA:36,2
DA:37,2
DA:41,1
DA:42,1
DA:46,2
DA:47,2
DA:51,2
DA:52,1
DA:53,1
DA:56,1
DA:60,1
DA:62,1
DA:63,1
DA:64,1
DA:67,55
DA:94,1
DA:97,1
DA:100,1
LF:24
LH:24
BRDA:51,0,0,1
BRDA:51,0,1,1
BRDA:60,1,0,0
BRDA:60,1,1,1
BRDA:72,2,0,55
BRDA:72,2,1,55
BRDA:78,3,0,0
BRDA:78,3,1,55
BRDA:104,4,0,55
BRDA:104,4,1,49
BRDA:123,5,0,0
BRDA:123,5,1,55
BRDA:125,6,0,49
BRDA:125,6,1,6
BRF:14
BRH:11
end_of_record
TN:
SF:src\services\index.ts
FNF:0
FNH:0
LF:0
LH:0
BRF:0
BRH:0
end_of_record
TN:
SF:src\types\index.ts
FNF:0
FNH:0
LF:0
LH:0
BRF:0
BRH:0
end_of_record
TN:
SF:src\types\task.ts
FNF:0
FNH:0
DA:56,10
DA:58,10
DA:60,10
DA:66,10
DA:71,10
DA:72,10
LF:6
LH:6
BRF:0
BRH:0
end_of_record
TN:
SF:src\utils\date.ts
FN:1,formatDate
FN:13,isValidDateString
FN:20,getTodayDateString
FN:29,isTodayOrFutureDate
FNF:4
FNH:4
FNDA:125,formatDate
FNDA:31,isValidDateString
FNDA:38,getTodayDateString
FNDA:15,isTodayOrFutureDate
DA:2,125
DA:4,125
DA:6,124
DA:14,31
DA:16,30
DA:17,30
DA:21,38
DA:22,38
DA:23,38
DA:24,38
DA:26,38
DA:30,15
DA:32,15
LF:13
LH:13
BRDA:4,0,0,1
BRDA:4,0,1,124
BRDA:14,1,0,1
BRDA:14,1,1,30
BRDA:30,2,0,0
BRDA:30,2,1,15
BRF:6
BRH:5
end_of_record
TN:
SF:src\utils\index.ts
FNF:0
FNH:0
LF:0
LH:0
BRF:0
BRH:0
end_of_record
TN:
SF:src\utils\task-list.ts
FN:22,filterTasksBySearch
FN:26,(anonymous_1)
FN:39,filterTasksByFilters
FN:43,(anonymous_3)
FN:63,sortTasks
FN:66,(anonymous_5)
FN:88,computeTaskListStats
FN:91,(anonymous_7)
FN:92,(anonymous_8)
FN:93,(anonymous_9)
FN:94,(anonymous_10)
FN:98,getUniqueResponsibles
FN:99,(anonymous_12)
FN:99,(anonymous_13)
FN:104,hasActiveFilters
FN:112,hasActiveSearch
FNF:16
FNH:16
FNDA:77,filterTasksBySearch
FNDA:112,(anonymous_1)
FNDA:76,filterTasksByFilters
FNDA:238,(anonymous_3)
FNDA:77,sortTasks
FNDA:259,(anonymous_5)
FNDA:25,computeTaskListStats
FNDA:113,(anonymous_7)
FNDA:113,(anonymous_8)
FNDA:113,(anonymous_9)
FNDA:113,(anonymous_10)
FNDA:31,getUniqueResponsibles
FNDA:143,(anonymous_12)
FNDA:73,(anonymous_13)
FNDA:36,hasActiveFilters
FNDA:2,hasActiveSearch
DA:10,6
DA:16,6
DA:23,77
DA:24,77
DA:26,24
DA:27,112
DA:35,112
DA:43,76
DA:44,238
DA:45,16
DA:48,222
DA:49,10
DA:52,212
DA:56,7
DA:59,205
DA:64,77
DA:66,77
DA:67,259
DA:69,259
DA:71,22
DA:73,7
DA:77,7
DA:79,223
DA:81,0
DA:85,77
DA:89,25
DA:91,113
DA:92,113
DA:93,113
DA:94,113
DA:99,143
DA:100,73
DA:105,36
DA:113,2
LF:34
LH:33
BRDA:24,0,0,53
BRDA:24,0,1,24
BRDA:44,1,0,16
BRDA:44,1,1,222
BRDA:44,2,0,238
BRDA:44,2,1,21
BRDA:48,3,0,10
BRDA:48,3,1,212
BRDA:48,4,0,222
BRDA:48,4,1,16
BRDA:52,5,0,7
BRDA:52,5,1,205
BRDA:53,6,0,212
BRDA:53,6,1,11
BRDA:67,7,0,252
BRDA:67,7,1,7
BRDA:69,8,0,22
BRDA:69,8,1,7
BRDA:69,8,2,7
BRDA:69,8,3,223
BRDA:69,8,4,0
BRDA:106,9,0,36
BRDA:106,9,1,31
BRDA:106,9,2,29
BRF:24
BRH:23
end_of_record
TN:
SF:src\utils\task.ts
FN:3,createTaskId
FN:7,createTaskFromForm
FN:20,updateTaskFromForm
FN:32,getEmptyTaskForm
FN:43,updateTaskStatus
FN:47,taskToFormData
FNF:6
FNH:6
FNDA:4,createTaskId
FNDA:4,createTaskFromForm
FNDA:3,updateTaskFromForm
FNDA:118,getEmptyTaskForm
FNDA:2,updateTaskStatus
FNDA:3,taskToFormData
DA:4,4
DA:8,4
DA:21,3
DA:33,118
DA:44,2
DA:48,3
LF:6
LH:6
BRF:0
BRH:0
end_of_record
TN:
SF:src\utils\validation.ts
FN:8,validateTaskForm
FN:43,hasFormErrors
FNF:2
FNH:2
FNDA:16,validateTaskForm
FNDA:9,hasFormErrors
DA:12,16
DA:13,16
DA:15,16
DA:16,3
DA:17,13
DA:18,2
DA:21,16
DA:22,2
DA:25,16
DA:26,3
DA:29,16
DA:30,3
DA:31,13
DA:32,1
DA:33,12
DA:37,1
DA:40,16
DA:44,9
LF:18
LH:18
BRDA:15,0,0,3
BRDA:15,0,1,13
BRDA:17,1,0,2
BRDA:17,1,1,11
BRDA:21,2,0,2
BRDA:21,2,1,14
BRDA:25,3,0,3
BRDA:25,3,1,13
BRDA:29,4,0,3
BRDA:29,4,1,13
BRDA:31,5,0,1
BRDA:31,5,1,12
BRDA:33,6,0,1
BRDA:33,6,1,11
BRDA:34,7,0,12
BRDA:34,7,1,2
BRF:16
BRH:16
end_of_record
